mode: set
github.com/konveyor/virt-controller/pkg/apis/virt/v1alpha1/plan.go:57.13,59.2 1 1
github.com/konveyor/virt-controller/pkg/apis/virt/v1alpha1/zz_generated.deepcopy.go:27.41,34.2 6 1
github.com/konveyor/virt-controller/pkg/apis/virt/v1alpha1/zz_generated.deepcopy.go:37.34,38.15 1 1
github.com/konveyor/virt-controller/pkg/apis/virt/v1alpha1/zz_generated.deepcopy.go:41.2,43.12 3 1
github.com/konveyor/virt-controller/pkg/apis/virt/v1alpha1/zz_generated.deepcopy.go:38.15,40.3 1 0
github.com/konveyor/virt-controller/pkg/apis/virt/v1alpha1/zz_generated.deepcopy.go:47.49,48.34 1 0
github.com/konveyor/virt-controller/pkg/apis/virt/v1alpha1/zz_generated.deepcopy.go:51.2,51.12 1 0
github.com/konveyor/virt-controller/pkg/apis/virt/v1alpha1/zz_generated.deepcopy.go:48.34,50.3 1 0
github.com/konveyor/virt-controller/pkg/apis/virt/v1alpha1/zz_generated.deepcopy.go:55.49,59.21 4 0
github.com/konveyor/virt-controller/pkg/apis/virt/v1alpha1/zz_generated.deepcopy.go:66.2,66.8 1 0
github.com/konveyor/virt-controller/pkg/apis/virt/v1alpha1/zz_generated.deepcopy.go:59.21,62.22 3 0
github.com/konveyor/virt-controller/pkg/apis/virt/v1alpha1/zz_generated.deepcopy.go:62.22,64.4 1 0
github.com/konveyor/virt-controller/pkg/apis/virt/v1alpha1/zz_generated.deepcopy.go:70.42,71.15 1 0
github.com/konveyor/virt-controller/pkg/apis/virt/v1alpha1/zz_generated.deepcopy.go:74.2,76.12 3 0
github.com/konveyor/virt-controller/pkg/apis/virt/v1alpha1/zz_generated.deepcopy.go:71.15,73.3 1 0
github.com/konveyor/virt-controller/pkg/apis/virt/v1alpha1/zz_generated.deepcopy.go:80.53,81.34 1 0
github.com/konveyor/virt-controller/pkg/apis/virt/v1alpha1/zz_generated.deepcopy.go:84.2,84.12 1 0
github.com/konveyor/virt-controller/pkg/apis/virt/v1alpha1/zz_generated.deepcopy.go:81.34,83.3 1 0
github.com/konveyor/virt-controller/pkg/apis/virt/v1alpha1/zz_generated.deepcopy.go:88.49,91.2 2 0
github.com/konveyor/virt-controller/pkg/apis/virt/v1alpha1/zz_generated.deepcopy.go:94.42,95.15 1 0
github.com/konveyor/virt-controller/pkg/apis/virt/v1alpha1/zz_generated.deepcopy.go:98.2,100.12 3 0
github.com/konveyor/virt-controller/pkg/apis/virt/v1alpha1/zz_generated.deepcopy.go:95.15,97.3 1 0
github.com/konveyor/virt-controller/pkg/apis/virt/v1alpha1/zz_generated.deepcopy.go:104.53,108.2 3 1
github.com/konveyor/virt-controller/pkg/apis/virt/v1alpha1/zz_generated.deepcopy.go:111.46,112.15 1 0
github.com/konveyor/virt-controller/pkg/apis/virt/v1alpha1/zz_generated.deepcopy.go:115.2,117.12 3 0
github.com/konveyor/virt-controller/pkg/apis/virt/v1alpha1/zz_generated.deepcopy.go:112.15,114.3 1 0
